<?xml version="1.0" encoding="UTF-8"?>
<!-- Generated by org.testng.reporters.JUnitReportReporter -->
<testsuite skipped="0" hostname="Marcelo" name="NewPackage.NewTests" tests="1" failures="0" timestamp="30 ago 2018 14:14:10 GMT" time="21.940" errors="0">
  <testcase name="tests" time="21.940" classname="NewPackage.NewTests"/>
</testsuite> <!-- NewPackage.NewTests -->
