<?xml version="1.0" encoding="UTF-8"?>
<!-- Generated by org.testng.reporters.JUnitReportReporter -->
<testsuite skipped="0" hostname="Marcelo" name="NewPackage.NewTests" tests="1" failures="0" timestamp="28 ago 2018 12:51:53 GMT" time="23.849" errors="0">
  <testcase name="tests" time="23.849" classname="NewPackage.NewTests"/>
</testsuite> <!-- NewPackage.NewTests -->
