<?xml version="1.0" encoding="UTF-8"?>
<!-- Generated by org.testng.reporters.JUnitReportReporter -->
<testsuite skipped="0" hostname="Marcelo" name="NewPackage.Tests" tests="1" failures="0" timestamp="11 ago 2018 20:12:03 GMT" time="39.745" errors="0">
  <testcase name="tests" time="39.745" classname="NewPackage.Tests"/>
</testsuite> <!-- NewPackage.Tests -->
